{"C:\\Users\\apple\\Downloads\\Hotels-Service\\src\\config\\database.js": {"path":"C:\\Users\\apple\\Downloads\\Hotels-Service\\src\\config\\database.js","statementMap":{"0":{"start":{"line":1,"column":15},"end":{"line":1,"column":32}},"1":{"start":{"line":2,"column":22},"end":{"line":2,"column":42}},"2":{"start":{"line":3,"column":21},"end":{"line":3,"column":50}},"3":{"start":{"line":5,"column":0},"end":{"line":5,"column":16}},"4":{"start":{"line":7,"column":18},"end":{"line":16,"column":1}},"5":{"start":{"line":18,"column":0},"end":{"line":18,"column":27}}},"fnMap":{},"branchMap":{},"s":{"0":2,"1":2,"2":2,"3":2,"4":2,"5":2},"f":{},"b":{},"_coverageSchema":"1a1c01bbd47fc00a2c39e90264f33305004495a9","hash":"78c5b96ec557a2b3a9220a85628beae18a22696f"}
,"C:\\Users\\apple\\Downloads\\Hotels-Service\\src\\controllers\\hotelController.js": {"path":"C:\\Users\\apple\\Downloads\\Hotels-Service\\src\\controllers\\hotelController.js","statementMap":{"0":{"start":{"line":1,"column":21},"end":{"line":1,"column":59}},"1":{"start":{"line":2,"column":14},"end":{"line":2,"column":43}},"2":{"start":{"line":4,"column":0},"end":{"line":115,"column":2}},"3":{"start":{"line":6,"column":4},"end":{"line":6,"column":37}},"4":{"start":{"line":7,"column":4},"end":{"line":7,"column":42}},"5":{"start":{"line":8,"column":4},"end":{"line":8,"column":63}},"6":{"start":{"line":9,"column":4},"end":{"line":9,"column":53}},"7":{"start":{"line":10,"column":4},"end":{"line":10,"column":51}},"8":{"start":{"line":11,"column":4},"end":{"line":11,"column":51}},"9":{"start":{"line":12,"column":4},"end":{"line":12,"column":51}},"10":{"start":{"line":16,"column":4},"end":{"line":37,"column":5}},"11":{"start":{"line":17,"column":41},"end":{"line":17,"column":50}},"12":{"start":{"line":19,"column":21},"end":{"line":19,"column":23}},"13":{"start":{"line":21,"column":6},"end":{"line":21,"column":44}},"14":{"start":{"line":21,"column":19},"end":{"line":21,"column":44}},"15":{"start":{"line":22,"column":6},"end":{"line":22,"column":35}},"16":{"start":{"line":22,"column":16},"end":{"line":22,"column":35}},"17":{"start":{"line":23,"column":6},"end":{"line":23,"column":58}},"18":{"start":{"line":23,"column":33},"end":{"line":23,"column":58}},"19":{"start":{"line":25,"column":21},"end":{"line":25,"column":70}},"20":{"start":{"line":27,"column":6},"end":{"line":31,"column":7}},"21":{"start":{"line":28,"column":8},"end":{"line":30,"column":73}},"22":{"start":{"line":33,"column":6},"end":{"line":33,"column":35}},"23":{"start":{"line":35,"column":6},"end":{"line":35,"column":27}},"24":{"start":{"line":36,"column":6},"end":{"line":36,"column":77}},"25":{"start":{"line":41,"column":4},"end":{"line":51,"column":5}},"26":{"start":{"line":42,"column":22},"end":{"line":42,"column":35}},"27":{"start":{"line":43,"column":20},"end":{"line":43,"column":65}},"28":{"start":{"line":44,"column":6},"end":{"line":46,"column":7}},"29":{"start":{"line":45,"column":8},"end":{"line":45,"column":66}},"30":{"start":{"line":47,"column":6},"end":{"line":47,"column":34}},"31":{"start":{"line":49,"column":6},"end":{"line":49,"column":27}},"32":{"start":{"line":50,"column":6},"end":{"line":50,"column":69}},"33":{"start":{"line":55,"column":4},"end":{"line":78,"column":5}},"34":{"start":{"line":56,"column":6},"end":{"line":74,"column":7}},"35":{"start":{"line":57,"column":8},"end":{"line":59,"column":9}},"36":{"start":{"line":58,"column":10},"end":{"line":58,"column":69}},"37":{"start":{"line":61,"column":25},"end":{"line":61,"column":38}},"38":{"start":{"line":62,"column":8},"end":{"line":62,"column":59}},"39":{"start":{"line":63,"column":8},"end":{"line":65,"column":77}},"40":{"start":{"line":66,"column":13},"end":{"line":74,"column":7}},"41":{"start":{"line":67,"column":27},"end":{"line":67,"column":35}},"42":{"start":{"line":68,"column":8},"end":{"line":68,"column":62}},"43":{"start":{"line":69,"column":8},"end":{"line":71,"column":61}},"44":{"start":{"line":73,"column":8},"end":{"line":73,"column":71}},"45":{"start":{"line":76,"column":6},"end":{"line":76,"column":27}},"46":{"start":{"line":77,"column":6},"end":{"line":77,"column":79}},"47":{"start":{"line":82,"column":4},"end":{"line":96,"column":5}},"48":{"start":{"line":83,"column":22},"end":{"line":83,"column":35}},"49":{"start":{"line":84,"column":24},"end":{"line":84,"column":32}},"50":{"start":{"line":86,"column":21},"end":{"line":86,"column":76}},"51":{"start":{"line":88,"column":6},"end":{"line":90,"column":7}},"52":{"start":{"line":89,"column":8},"end":{"line":89,"column":66}},"53":{"start":{"line":92,"column":6},"end":{"line":92,"column":70}},"54":{"start":{"line":94,"column":6},"end":{"line":94,"column":27}},"55":{"start":{"line":95,"column":6},"end":{"line":95,"column":64}},"56":{"start":{"line":100,"column":4},"end":{"line":113,"column":5}},"57":{"start":{"line":101,"column":22},"end":{"line":101,"column":35}},"58":{"start":{"line":103,"column":21},"end":{"line":103,"column":65}},"59":{"start":{"line":105,"column":6},"end":{"line":107,"column":7}},"60":{"start":{"line":106,"column":8},"end":{"line":106,"column":66}},"61":{"start":{"line":109,"column":6},"end":{"line":109,"column":70}},"62":{"start":{"line":111,"column":6},"end":{"line":111,"column":27}},"63":{"start":{"line":112,"column":6},"end":{"line":112,"column":64}}},"fnMap":{"0":{"name":"(anonymous_0)","decl":{"start":{"line":5,"column":2},"end":{"line":5,"column":3}},"loc":{"start":{"line":5,"column":32},"end":{"line":13,"column":3}},"line":5},"1":{"name":"(anonymous_1)","decl":{"start":{"line":15,"column":2},"end":{"line":15,"column":3}},"loc":{"start":{"line":15,"column":36},"end":{"line":38,"column":3}},"line":15},"2":{"name":"(anonymous_2)","decl":{"start":{"line":40,"column":2},"end":{"line":40,"column":3}},"loc":{"start":{"line":40,"column":31},"end":{"line":52,"column":3}},"line":40},"3":{"name":"(anonymous_3)","decl":{"start":{"line":54,"column":2},"end":{"line":54,"column":3}},"loc":{"start":{"line":54,"column":30},"end":{"line":79,"column":3}},"line":54},"4":{"name":"(anonymous_4)","decl":{"start":{"line":81,"column":2},"end":{"line":81,"column":3}},"loc":{"start":{"line":81,"column":30},"end":{"line":97,"column":3}},"line":81},"5":{"name":"(anonymous_5)","decl":{"start":{"line":99,"column":2},"end":{"line":99,"column":3}},"loc":{"start":{"line":99,"column":30},"end":{"line":114,"column":3}},"line":99}},"branchMap":{"0":{"loc":{"start":{"line":21,"column":6},"end":{"line":21,"column":44}},"type":"if","locations":[{"start":{"line":21,"column":6},"end":{"line":21,"column":44}},{"start":{},"end":{}}],"line":21},"1":{"loc":{"start":{"line":22,"column":6},"end":{"line":22,"column":35}},"type":"if","locations":[{"start":{"line":22,"column":6},"end":{"line":22,"column":35}},{"start":{},"end":{}}],"line":22},"2":{"loc":{"start":{"line":23,"column":6},"end":{"line":23,"column":58}},"type":"if","locations":[{"start":{"line":23,"column":6},"end":{"line":23,"column":58}},{"start":{},"end":{}}],"line":23},"3":{"loc":{"start":{"line":27,"column":6},"end":{"line":31,"column":7}},"type":"if","locations":[{"start":{"line":27,"column":6},"end":{"line":31,"column":7}},{"start":{},"end":{}}],"line":27},"4":{"loc":{"start":{"line":44,"column":6},"end":{"line":46,"column":7}},"type":"if","locations":[{"start":{"line":44,"column":6},"end":{"line":46,"column":7}},{"start":{},"end":{}}],"line":44},"5":{"loc":{"start":{"line":56,"column":6},"end":{"line":74,"column":7}},"type":"if","locations":[{"start":{"line":56,"column":6},"end":{"line":74,"column":7}},{"start":{"line":66,"column":13},"end":{"line":74,"column":7}}],"line":56},"6":{"loc":{"start":{"line":57,"column":8},"end":{"line":59,"column":9}},"type":"if","locations":[{"start":{"line":57,"column":8},"end":{"line":59,"column":9}},{"start":{},"end":{}}],"line":57},"7":{"loc":{"start":{"line":66,"column":13},"end":{"line":74,"column":7}},"type":"if","locations":[{"start":{"line":66,"column":13},"end":{"line":74,"column":7}},{"start":{"line":72,"column":13},"end":{"line":74,"column":7}}],"line":66},"8":{"loc":{"start":{"line":77,"column":36},"end":{"line":77,"column":75}},"type":"binary-expr","locations":[{"start":{"line":77,"column":36},"end":{"line":77,"column":49}},{"start":{"line":77,"column":53},"end":{"line":77,"column":75}}],"line":77},"9":{"loc":{"start":{"line":88,"column":6},"end":{"line":90,"column":7}},"type":"if","locations":[{"start":{"line":88,"column":6},"end":{"line":90,"column":7}},{"start":{},"end":{}}],"line":88},"10":{"loc":{"start":{"line":105,"column":6},"end":{"line":107,"column":7}},"type":"if","locations":[{"start":{"line":105,"column":6},"end":{"line":107,"column":7}},{"start":{},"end":{}}],"line":105}},"s":{"0":1,"1":1,"2":1,"3":10,"4":10,"5":10,"6":10,"7":10,"8":10,"9":10,"10":2,"11":2,"12":2,"13":2,"14":2,"15":2,"16":1,"17":2,"18":0,"19":2,"20":2,"21":1,"22":1,"23":0,"24":0,"25":2,"26":2,"27":2,"28":2,"29":1,"30":1,"31":0,"32":0,"33":2,"34":2,"35":1,"36":1,"37":0,"38":0,"39":0,"40":1,"41":1,"42":1,"43":1,"44":0,"45":0,"46":0,"47":2,"48":2,"49":2,"50":2,"51":2,"52":1,"53":1,"54":0,"55":0,"56":2,"57":2,"58":2,"59":2,"60":1,"61":1,"62":0,"63":0},"f":{"0":10,"1":2,"2":2,"3":2,"4":2,"5":2},"b":{"0":[2,0],"1":[1,1],"2":[0,2],"3":[1,1],"4":[1,1],"5":[1,1],"6":[1,0],"7":[1,0],"8":[0,0],"9":[1,1],"10":[1,1]},"_coverageSchema":"1a1c01bbd47fc00a2c39e90264f33305004495a9","hash":"d52ca718a81028447494a0c57166752e7cf084c1"}
,"C:\\Users\\apple\\Downloads\\Hotels-Service\\src\\models\\hotel.js": {"path":"C:\\Users\\apple\\Downloads\\Hotels-Service\\src\\models\\hotel.js","statementMap":{"0":{"start":{"line":1,"column":33},"end":{"line":1,"column":53}},"1":{"start":{"line":2,"column":18},"end":{"line":2,"column":50}},"2":{"start":{"line":4,"column":14},"end":{"line":65,"column":1}},"3":{"start":{"line":67,"column":0},"end":{"line":67,"column":23}}},"fnMap":{},"branchMap":{},"s":{"0":2,"1":2,"2":2,"3":2},"f":{},"b":{},"_coverageSchema":"1a1c01bbd47fc00a2c39e90264f33305004495a9","hash":"6e941e92d841248ea84937588ce293520619f958"}
,"C:\\Users\\apple\\Downloads\\Hotels-Service\\src\\repositories\\hotelRepository.js": {"path":"C:\\Users\\apple\\Downloads\\Hotels-Service\\src\\repositories\\hotelRepository.js","statementMap":{"0":{"start":{"line":1,"column":14},"end":{"line":1,"column":43}},"1":{"start":{"line":2,"column":11},"end":{"line":2,"column":24}},"2":{"start":{"line":3,"column":18},"end":{"line":3,"column":39}},"3":{"start":{"line":5,"column":0},"end":{"line":108,"column":2}},"4":{"start":{"line":7,"column":4},"end":{"line":16,"column":5}},"5":{"start":{"line":8,"column":21},"end":{"line":10,"column":8}},"6":{"start":{"line":11,"column":6},"end":{"line":11,"column":20}},"7":{"start":{"line":13,"column":6},"end":{"line":13,"column":25}},"8":{"start":{"line":14,"column":6},"end":{"line":14,"column":65}},"9":{"start":{"line":20,"column":4},"end":{"line":26,"column":5}},"10":{"start":{"line":21,"column":20},"end":{"line":21,"column":49}},"11":{"start":{"line":22,"column":6},"end":{"line":22,"column":19}},"12":{"start":{"line":24,"column":6},"end":{"line":24,"column":58}},"13":{"start":{"line":25,"column":6},"end":{"line":25,"column":47}},"14":{"start":{"line":30,"column":23},"end":{"line":30,"column":25}},"15":{"start":{"line":31,"column":4},"end":{"line":60,"column":7}},"16":{"start":{"line":32,"column":6},"end":{"line":59,"column":11}},"17":{"start":{"line":35,"column":10},"end":{"line":45,"column":13}},"18":{"start":{"line":48,"column":10},"end":{"line":54,"column":11}},"19":{"start":{"line":49,"column":12},"end":{"line":49,"column":47}},"20":{"start":{"line":50,"column":12},"end":{"line":50,"column":22}},"21":{"start":{"line":52,"column":12},"end":{"line":52,"column":73}},"22":{"start":{"line":53,"column":12},"end":{"line":53,"column":71}},"23":{"start":{"line":57,"column":10},"end":{"line":57,"column":58}},"24":{"start":{"line":58,"column":10},"end":{"line":58,"column":56}},"25":{"start":{"line":64,"column":4},"end":{"line":80,"column":5}},"26":{"start":{"line":65,"column":25},"end":{"line":75,"column":9}},"27":{"start":{"line":65,"column":50},"end":{"line":75,"column":7}},"28":{"start":{"line":76,"column":6},"end":{"line":76,"column":41}},"29":{"start":{"line":78,"column":6},"end":{"line":78,"column":65}},"30":{"start":{"line":79,"column":6},"end":{"line":79,"column":61}},"31":{"start":{"line":84,"column":4},"end":{"line":93,"column":5}},"32":{"start":{"line":85,"column":6},"end":{"line":89,"column":9}},"33":{"start":{"line":91,"column":6},"end":{"line":91,"column":52}},"34":{"start":{"line":92,"column":6},"end":{"line":92,"column":48}},"35":{"start":{"line":97,"column":4},"end":{"line":106,"column":5}},"36":{"start":{"line":98,"column":6},"end":{"line":102,"column":9}},"37":{"start":{"line":104,"column":6},"end":{"line":104,"column":52}},"38":{"start":{"line":105,"column":6},"end":{"line":105,"column":48}}},"fnMap":{"0":{"name":"(anonymous_0)","decl":{"start":{"line":6,"column":2},"end":{"line":6,"column":3}},"loc":{"start":{"line":6,"column":34},"end":{"line":17,"column":3}},"line":6},"1":{"name":"(anonymous_1)","decl":{"start":{"line":19,"column":2},"end":{"line":19,"column":3}},"loc":{"start":{"line":19,"column":30},"end":{"line":27,"column":3}},"line":19},"2":{"name":"(anonymous_2)","decl":{"start":{"line":29,"column":2},"end":{"line":29,"column":3}},"loc":{"start":{"line":29,"column":35},"end":{"line":61,"column":3}},"line":29},"3":{"name":"(anonymous_3)","decl":{"start":{"line":31,"column":23},"end":{"line":31,"column":24}},"loc":{"start":{"line":31,"column":44},"end":{"line":60,"column":5}},"line":31},"4":{"name":"(anonymous_4)","decl":{"start":{"line":34,"column":20},"end":{"line":34,"column":21}},"loc":{"start":{"line":34,"column":29},"end":{"line":46,"column":9}},"line":34},"5":{"name":"(anonymous_5)","decl":{"start":{"line":47,"column":19},"end":{"line":47,"column":20}},"loc":{"start":{"line":47,"column":31},"end":{"line":55,"column":9}},"line":47},"6":{"name":"(anonymous_6)","decl":{"start":{"line":56,"column":21},"end":{"line":56,"column":22}},"loc":{"start":{"line":56,"column":32},"end":{"line":59,"column":9}},"line":56},"7":{"name":"(anonymous_7)","decl":{"start":{"line":63,"column":2},"end":{"line":63,"column":3}},"loc":{"start":{"line":63,"column":38},"end":{"line":81,"column":3}},"line":63},"8":{"name":"(anonymous_8)","decl":{"start":{"line":65,"column":40},"end":{"line":65,"column":41}},"loc":{"start":{"line":65,"column":50},"end":{"line":75,"column":7}},"line":65},"9":{"name":"(anonymous_9)","decl":{"start":{"line":83,"column":2},"end":{"line":83,"column":3}},"loc":{"start":{"line":83,"column":40},"end":{"line":94,"column":3}},"line":83},"10":{"name":"(anonymous_10)","decl":{"start":{"line":96,"column":2},"end":{"line":96,"column":3}},"loc":{"start":{"line":96,"column":29},"end":{"line":107,"column":3}},"line":96}},"branchMap":{},"s":{"0":1,"1":1,"2":1,"3":1,"4":2,"5":2,"6":1,"7":1,"8":1,"9":2,"10":2,"11":1,"12":1,"13":1,"14":3,"15":3,"16":3,"17":2,"18":0,"19":0,"20":0,"21":0,"22":0,"23":0,"24":0,"25":2,"26":2,"27":2,"28":2,"29":1,"30":1,"31":2,"32":2,"33":1,"34":1,"35":2,"36":2,"37":1,"38":1},"f":{"0":2,"1":2,"2":3,"3":3,"4":2,"5":0,"6":0,"7":2,"8":2,"9":2,"10":2},"b":{},"_coverageSchema":"1a1c01bbd47fc00a2c39e90264f33305004495a9","hash":"739305b085d93887625bf431e2305c53a533341b"}
,"C:\\Users\\apple\\Downloads\\Hotels-Service\\src\\services\\hotelService.js": {"path":"C:\\Users\\apple\\Downloads\\Hotels-Service\\src\\services\\hotelService.js","statementMap":{"0":{"start":{"line":1,"column":24},"end":{"line":1,"column":69}},"1":{"start":{"line":3,"column":0},"end":{"line":37,"column":2}},"2":{"start":{"line":5,"column":4},"end":{"line":5,"column":43}},"3":{"start":{"line":9,"column":4},"end":{"line":15,"column":5}},"4":{"start":{"line":10,"column":6},"end":{"line":10,"column":53}},"5":{"start":{"line":11,"column":6},"end":{"line":11,"column":66}},"6":{"start":{"line":13,"column":6},"end":{"line":13,"column":25}},"7":{"start":{"line":14,"column":6},"end":{"line":14,"column":58}},"8":{"start":{"line":19,"column":4},"end":{"line":19,"column":60}},"9":{"start":{"line":23,"column":4},"end":{"line":23,"column":61}},"10":{"start":{"line":27,"column":4},"end":{"line":27,"column":68}},"11":{"start":{"line":31,"column":4},"end":{"line":31,"column":70}},"12":{"start":{"line":35,"column":4},"end":{"line":35,"column":59}}},"fnMap":{"0":{"name":"(anonymous_0)","decl":{"start":{"line":4,"column":2},"end":{"line":4,"column":3}},"loc":{"start":{"line":4,"column":35},"end":{"line":6,"column":3}},"line":4},"1":{"name":"(anonymous_1)","decl":{"start":{"line":8,"column":2},"end":{"line":8,"column":3}},"loc":{"start":{"line":8,"column":34},"end":{"line":16,"column":3}},"line":8},"2":{"name":"(anonymous_2)","decl":{"start":{"line":18,"column":2},"end":{"line":18,"column":3}},"loc":{"start":{"line":18,"column":30},"end":{"line":20,"column":3}},"line":18},"3":{"name":"(anonymous_3)","decl":{"start":{"line":22,"column":2},"end":{"line":22,"column":3}},"loc":{"start":{"line":22,"column":31},"end":{"line":24,"column":3}},"line":22},"4":{"name":"(anonymous_4)","decl":{"start":{"line":26,"column":2},"end":{"line":26,"column":3}},"loc":{"start":{"line":26,"column":38},"end":{"line":28,"column":3}},"line":26},"5":{"name":"(anonymous_5)","decl":{"start":{"line":30,"column":2},"end":{"line":30,"column":3}},"loc":{"start":{"line":30,"column":40},"end":{"line":32,"column":3}},"line":30},"6":{"name":"(anonymous_6)","decl":{"start":{"line":34,"column":2},"end":{"line":34,"column":3}},"loc":{"start":{"line":34,"column":29},"end":{"line":36,"column":3}},"line":34}},"branchMap":{},"s":{"0":1,"1":1,"2":6,"3":1,"4":1,"5":1,"6":0,"7":0,"8":1,"9":1,"10":1,"11":1,"12":1},"f":{"0":6,"1":1,"2":1,"3":1,"4":1,"5":1,"6":1},"b":{},"_coverageSchema":"1a1c01bbd47fc00a2c39e90264f33305004495a9","hash":"2dbbc609dbbe0cab66510c3a0db9b921ec6c9446"}
}
