TN:
SF:src\config\database.js
FNF:0
FNH:0
DA:1,2
DA:2,2
DA:3,2
DA:5,2
DA:7,2
DA:18,2
LF:6
LH:6
BRF:0
BRH:0
end_of_record
TN:
SF:src\controllers\hotelController.js
FN:5,(anonymous_0)
FN:15,(anonymous_1)
FN:40,(anonymous_2)
FN:54,(anonymous_3)
FN:81,(anonymous_4)
FN:99,(anonymous_5)
FNF:6
FNH:6
FNDA:10,(anonymous_0)
FNDA:2,(anonymous_1)
FNDA:2,(anonymous_2)
FNDA:2,(anonymous_3)
FNDA:2,(anonymous_4)
FNDA:2,(anonymous_5)
DA:1,1
DA:2,1
DA:4,1
DA:6,10
DA:7,10
DA:8,10
DA:9,10
DA:10,10
DA:11,10
DA:12,10
DA:16,2
DA:17,2
DA:19,2
DA:21,2
DA:22,2
DA:23,2
DA:25,2
DA:27,2
DA:28,1
DA:33,1
DA:35,0
DA:36,0
DA:41,2
DA:42,2
DA:43,2
DA:44,2
DA:45,1
DA:47,1
DA:49,0
DA:50,0
DA:55,2
DA:56,2
DA:57,1
DA:58,1
DA:61,0
DA:62,0
DA:63,0
DA:66,1
DA:67,1
DA:68,1
DA:69,1
DA:73,0
DA:76,0
DA:77,0
DA:82,2
DA:83,2
DA:84,2
DA:86,2
DA:88,2
DA:89,1
DA:92,1
DA:94,0
DA:95,0
DA:100,2
DA:101,2
DA:103,2
DA:105,2
DA:106,1
DA:109,1
DA:111,0
DA:112,0
LF:61
LH:47
BRDA:21,0,0,2
BRDA:21,0,1,0
BRDA:22,1,0,1
BRDA:22,1,1,1
BRDA:23,2,0,0
BRDA:23,2,1,2
BRDA:27,3,0,1
BRDA:27,3,1,1
BRDA:44,4,0,1
BRDA:44,4,1,1
BRDA:56,5,0,1
BRDA:56,5,1,1
BRDA:57,6,0,1
BRDA:57,6,1,0
BRDA:66,7,0,1
BRDA:66,7,1,0
BRDA:77,8,0,0
BRDA:77,8,1,0
BRDA:88,9,0,1
BRDA:88,9,1,1
BRDA:105,10,0,1
BRDA:105,10,1,1
BRF:22
BRH:16
end_of_record
TN:
SF:src\models\hotel.js
FNF:0
FNH:0
DA:1,2
DA:2,2
DA:4,2
DA:67,2
LF:4
LH:4
BRF:0
BRH:0
end_of_record
TN:
SF:src\repositories\hotelRepository.js
FN:6,(anonymous_0)
FN:19,(anonymous_1)
FN:29,(anonymous_2)
FN:31,(anonymous_3)
FN:34,(anonymous_4)
FN:47,(anonymous_5)
FN:56,(anonymous_6)
FN:63,(anonymous_7)
FN:65,(anonymous_8)
FN:83,(anonymous_9)
FN:96,(anonymous_10)
FNF:11
FNH:9
FNDA:2,(anonymous_0)
FNDA:2,(anonymous_1)
FNDA:3,(anonymous_2)
FNDA:3,(anonymous_3)
FNDA:2,(anonymous_4)
FNDA:0,(anonymous_5)
FNDA:0,(anonymous_6)
FNDA:2,(anonymous_7)
FNDA:2,(anonymous_8)
FNDA:2,(anonymous_9)
FNDA:2,(anonymous_10)
DA:1,1
DA:2,1
DA:3,1
DA:5,1
DA:7,2
DA:8,2
DA:11,1
DA:13,1
DA:14,1
DA:20,2
DA:21,2
DA:22,1
DA:24,1
DA:25,1
DA:30,3
DA:31,3
DA:32,3
DA:35,2
DA:48,0
DA:49,0
DA:50,0
DA:52,0
DA:53,0
DA:57,0
DA:58,0
DA:64,2
DA:65,2
DA:76,2
DA:78,1
DA:79,1
DA:84,2
DA:85,2
DA:91,1
DA:92,1
DA:97,2
DA:98,2
DA:104,1
DA:105,1
LF:38
LH:31
BRF:0
BRH:0
end_of_record
TN:
SF:src\services\hotelService.js
FN:4,(anonymous_0)
FN:8,(anonymous_1)
FN:18,(anonymous_2)
FN:22,(anonymous_3)
FN:26,(anonymous_4)
FN:30,(anonymous_5)
FN:34,(anonymous_6)
FNF:7
FNH:7
FNDA:6,(anonymous_0)
FNDA:1,(anonymous_1)
FNDA:1,(anonymous_2)
FNDA:1,(anonymous_3)
FNDA:1,(anonymous_4)
FNDA:1,(anonymous_5)
FNDA:1,(anonymous_6)
DA:1,1
DA:3,1
DA:5,6
DA:9,1
DA:10,1
DA:11,1
DA:13,0
DA:14,0
DA:19,1
DA:23,1
DA:27,1
DA:31,1
DA:35,1
LF:13
LH:11
BRF:0
BRH:0
end_of_record
